(env_signatures) kpotoh:~/signatures$ /home/kpotoh/signatures/env_signatures/bin/python /home/kpotoh/signatures/src/count_codons.py
Processing... NC_000001.10 Homo sapiens chromosome 1, GRCh37.p13 Primary Assembly
Processing... NT_113878.1 Homo sapiens chromosome 1 unlocalized genomic contig, GRCh37.p13 Primary Assembly
Processing... NT_167207.1 Homo sapiens chromosome 1 unlocalized genomic contig, GRCh37.p13 Primary Assembly
Processing... NC_000002.11 Homo sapiens chromosome 2, GRCh37.p13 Primary Assembly
Processing... NC_000003.11 Homo sapiens chromosome 3, GRCh37.p13 Primary Assembly
Processing... NC_000004.11 Homo sapiens chromosome 4, GRCh37.p13 Primary Assembly
Processing... NT_113885.1 Homo sapiens chromosome 4 unlocalized genomic contig, GRCh37.p13 Primary Assembly
Processing... NT_113888.1 Homo sapiens chromosome 4 unlocalized genomic contig, GRCh37.p13 Primary Assembly
Processing... NC_000005.9 Homo sapiens chromosome 5, GRCh37.p13 Primary Assembly
Processing... NC_000006.11 Homo sapiens chromosome 6, GRCh37.p13 Primary Assembly
Processing... NC_000007.13 Homo sapiens chromosome 7, GRCh37.p13 Primary Assembly
Processing... NT_113901.1 Homo sapiens chromosome 7 unlocalized genomic contig, GRCh37.p13 Primary Assembly
Processing... NC_000008.10 Homo sapiens chromosome 8, GRCh37.p13 Primary Assembly
Processing... NT_113909.1 Homo sapiens chromosome 8 unlocalized genomic contig, GRCh37.p13 Primary Assembly
Processing... NT_113907.1 Homo sapiens chromosome 8 unlocalized genomic contig, GRCh37.p13 Primary Assembly
Processing... NC_000009.11 Homo sapiens chromosome 9, GRCh37.p13 Primary Assembly
Processing... NT_113914.1 Homo sapiens chromosome 9 unlocalized genomic contig, GRCh37.p13 Primary Assembly
Processing... NT_113916.2 Homo sapiens chromosome 9 unlocalized genomic contig, GRCh37.p13 Primary Assembly
Processing... NT_113915.1 Homo sapiens chromosome 9 unlocalized genomic contig, GRCh37.p13 Primary Assembly
Processing... NT_113911.1 Homo sapiens chromosome 9 unlocalized genomic contig, GRCh37.p13 Primary Assembly
Processing... NC_000010.10 Homo sapiens chromosome 10, GRCh37.p13 Primary Assembly
Processing... NC_000011.9 Homo sapiens chromosome 11, GRCh37.p13 Primary Assembly
Processing... NT_113921.2 Homo sapiens chromosome 11 unlocalized genomic contig, GRCh37.p13 Primary Assembly
Processing... NC_000012.11 Homo sapiens chromosome 12, GRCh37.p13 Primary Assembly
Processing... NC_000013.10 Homo sapiens chromosome 13, GRCh37.p13 Primary Assembly
Processing... NC_000014.8 Homo sapiens chromosome 14, GRCh37.p13 Primary Assembly
Processing... NC_000015.9 Homo sapiens chromosome 15, GRCh37.p13 Primary Assembly
Processing... NC_000016.9 Homo sapiens chromosome 16, GRCh37.p13 Primary Assembly
Processing... NC_000017.10 Homo sapiens chromosome 17, GRCh37.p13 Primary Assembly
Processing... NT_113941.1 Homo sapiens chromosome 17 unlocalized genomic contig, GRCh37.p13 Primary Assembly
Processing... NT_113943.1 Homo sapiens chromosome 17 unlocalized genomic contig, GRCh37.p13 Primary Assembly
Processing... NT_113930.1 Homo sapiens chromosome 17 unlocalized genomic contig, GRCh37.p13 Primary Assembly
Processing... NT_113945.1 Homo sapiens chromosome 17 unlocalized genomic contig, GRCh37.p13 Primary Assembly
Processing... NC_000018.9 Homo sapiens chromosome 18, GRCh37.p13 Primary Assembly
Processing... NT_113947.1 Homo sapiens chromosome 18 unlocalized genomic contig, GRCh37.p13 Primary Assembly
Processing... NC_000019.9 Homo sapiens chromosome 19, GRCh37.p13 Primary Assembly
Processing... NT_113948.1 Homo sapiens chromosome 19 unlocalized genomic contig, GRCh37.p13 Primary Assembly
Processing... NT_113949.1 Homo sapiens chromosome 19 unlocalized genomic contig, GRCh37.p13 Primary Assembly
Processing... NC_000020.10 Homo sapiens chromosome 20, GRCh37.p13 Primary Assembly
Processing... NC_000021.8 Homo sapiens chromosome 21, GRCh37.p13 Primary Assembly
Processing... NT_113950.2 Homo sapiens chromosome 21 unlocalized genomic contig, GRCh37.p13 Primary Assembly
Processing... NC_000022.10 Homo sapiens chromosome 22, GRCh37.p13 Primary Assembly
Processing... NC_000023.10 Homo sapiens chromosome X, GRCh37.p13 Primary Assembly
Processing... NC_000024.9 Homo sapiens chromosome Y, GRCh37.p13 Primary Assembly
Processing... NT_113961.1 Homo sapiens unplaced genomic contig, GRCh37.p13 Primary Assembly
Processing... NT_113923.1 Homo sapiens unplaced genomic contig, GRCh37.p13 Primary Assembly
Processing... NT_167208.1 Homo sapiens unplaced genomic contig, GRCh37.p13 Primary Assembly
Processing... NT_167209.1 Homo sapiens unplaced genomic contig, GRCh37.p13 Primary Assembly
Processing... NT_167210.1 Homo sapiens unplaced genomic contig, GRCh37.p13 Primary Assembly
Processing... NT_167211.1 Homo sapiens unplaced genomic contig, GRCh37.p13 Primary Assembly
Processing... NT_167212.1 Homo sapiens unplaced genomic contig, GRCh37.p13 Primary Assembly
Processing... NT_113889.1 Homo sapiens unplaced genomic contig, GRCh37.p13 Primary Assembly
Processing... NT_167213.1 Homo sapiens unplaced genomic contig, GRCh37.p13 Primary Assembly
Processing... NT_167214.1 Homo sapiens unplaced genomic contig, GRCh37.p13 Primary Assembly
Processing... NT_167215.1 Homo sapiens unplaced genomic contig, GRCh37.p13 Primary Assembly
Processing... NT_167216.1 Homo sapiens unplaced genomic contig, GRCh37.p13 Primary Assembly
Processing... NT_167217.1 Homo sapiens unplaced genomic contig, GRCh37.p13 Primary Assembly
Processing... NT_167218.1 Homo sapiens unplaced genomic contig, GRCh37.p13 Primary Assembly
Processing... NT_167219.1 Homo sapiens unplaced genomic contig, GRCh37.p13 Primary Assembly
Processing... NT_167220.1 Homo sapiens unplaced genomic contig, GRCh37.p13 Primary Assembly
Processing... NT_167221.1 Homo sapiens unplaced genomic contig, GRCh37.p13 Primary Assembly
Processing... NT_167222.1 Homo sapiens unplaced genomic contig, GRCh37.p13 Primary Assembly
Processing... NT_167223.1 Homo sapiens unplaced genomic contig, GRCh37.p13 Primary Assembly
Processing... NT_167224.1 Homo sapiens unplaced genomic contig, GRCh37.p13 Primary Assembly
Processing... NT_167225.1 Homo sapiens unplaced genomic contig, GRCh37.p13 Primary Assembly
Processing... NT_167226.1 Homo sapiens unplaced genomic contig, GRCh37.p13 Primary Assembly
Processing... NT_167227.1 Homo sapiens unplaced genomic contig, GRCh37.p13 Primary Assembly
Processing... NT_167228.1 Homo sapiens unplaced genomic contig, GRCh37.p13 Primary Assembly
Processing... NT_167229.1 Homo sapiens unplaced genomic contig, GRCh37.p13 Primary Assembly
Processing... NT_167230.1 Homo sapiens unplaced genomic contig, GRCh37.p13 Primary Assembly
Processing... NT_167231.1 Homo sapiens unplaced genomic contig, GRCh37.p13 Primary Assembly
Processing... NT_167232.1 Homo sapiens unplaced genomic contig, GRCh37.p13 Primary Assembly
Processing... NT_167233.1 Homo sapiens unplaced genomic contig, GRCh37.p13 Primary Assembly
Processing... NT_167234.1 Homo sapiens unplaced genomic contig, GRCh37.p13 Primary Assembly
Processing... NT_167235.1 Homo sapiens unplaced genomic contig, GRCh37.p13 Primary Assembly
Processing... NT_167236.1 Homo sapiens unplaced genomic contig, GRCh37.p13 Primary Assembly
Processing... NT_167237.1 Homo sapiens unplaced genomic contig, GRCh37.p13 Primary Assembly
Processing... NT_167238.1 Homo sapiens unplaced genomic contig, GRCh37.p13 Primary Assembly
Processing... NT_167239.1 Homo sapiens unplaced genomic contig, GRCh37.p13 Primary Assembly
Processing... NT_167240.1 Homo sapiens unplaced genomic contig, GRCh37.p13 Primary Assembly
Processing... NT_167241.1 Homo sapiens unplaced genomic contig, GRCh37.p13 Primary Assembly
Processing... NT_167242.1 Homo sapiens unplaced genomic contig, GRCh37.p13 Primary Assembly
Processing... NT_167243.1 Homo sapiens unplaced genomic contig, GRCh37.p13 Primary Assembly
Processing... NW_004070864.2 Homo sapiens chromosome 1 genomic patch of type FIX, GRCh37.p13 PATCHES HG1472_PATCH
Processing... NW_003571030.1 Homo sapiens chromosome 1 genomic patch of type FIX, GRCh37.p13 PATCHES HG989_PATCH
Processing... NW_003871056.3 Homo sapiens chromosome 1 genomic patch of type FIX, GRCh37.p13 PATCHES HG1292_PATCH
Processing... NW_003871055.3 Homo sapiens chromosome 1 genomic patch of type FIX, GRCh37.p13 PATCHES HG1287_PATCH
Processing... NW_003315905.1 Homo sapiens chromosome 1 genomic patch of type NOVEL, GRCh37.p13 PATCHES HSCHR1_1_CTG31
Processing... NW_003315906.1 Homo sapiens chromosome 1 genomic patch of type NOVEL, GRCh37.p13 PATCHES HSCHR1_2_CTG31
Processing... NW_003315907.1 Homo sapiens chromosome 1 genomic patch of type NOVEL, GRCh37.p13 PATCHES HSCHR1_3_CTG31
Processing... NW_004070863.1 Homo sapiens chromosome 1 genomic patch of type FIX, GRCh37.p13 PATCHES HG1471_PATCH
Processing... NW_003871057.1 Homo sapiens chromosome 1 genomic patch of type FIX, GRCh37.p13 PATCHES HG1293_PATCH
Processing... NW_004070865.1 Homo sapiens chromosome 1 genomic patch of type FIX, GRCh37.p13 PATCHES HG1473_PATCH
Processing... NW_003315903.1 Homo sapiens chromosome 1 genomic patch of type FIX, GRCh37.p13 PATCHES HG999_1_PATCH
Processing... NW_003315904.1 Homo sapiens chromosome 1 genomic patch of type FIX, GRCh37.p13 PATCHES HG999_2_PATCH
Processing... NW_003315908.1 Homo sapiens chromosome 2 genomic patch of type NOVEL, GRCh37.p13 PATCHES HSCHR2_1_CTG1
Processing... NW_004504299.1 Homo sapiens chromosome 2 genomic patch of type FIX, GRCh37.p13 PATCHES HG953_PATCH
Processing... NW_003571032.1 Homo sapiens chromosome 2 genomic patch of type FIX, GRCh37.p13 PATCHES HG686_PATCH
Processing... NW_003571033.2 Homo sapiens chromosome 2 genomic patch of type NOVEL, GRCh37.p13 PATCHES HSCHR2_2_CTG12
Processing... NW_003315909.1 Homo sapiens chromosome 2 genomic patch of type NOVEL, GRCh37.p13 PATCHES HSCHR2_1_CTG12
Processing... NW_003571031.1 Homo sapiens chromosome 2 genomic patch of type FIX, GRCh37.p13 PATCHES HG1007_PATCH
Processing... NW_003871060.1 Homo sapiens chromosome 3 genomic patch of type NOVEL, GRCh37.p13 PATCHES HSCHR3_1_CTG1
Processing... NW_003871059.1 Homo sapiens chromosome 3 genomic patch of type FIX, GRCh37.p13 PATCHES HG325_PATCH
Processing... NW_003315910.1 Homo sapiens chromosome 3 genomic patch of type FIX, GRCh37.p13 PATCHES HG186_PATCH
Processing... NW_004775426.1 Homo sapiens chromosome 3 genomic patch of type FIX, GRCh37.p13 PATCHES HG957_PATCH
Processing... NW_003315911.1 Homo sapiens chromosome 3 genomic patch of type FIX, GRCh37.p13 PATCHES HG280_PATCH
Processing... NW_003871058.1 Homo sapiens chromosome 3 genomic patch of type FIX, GRCh37.p13 PATCHES HG1091_PATCH
Processing... NW_003315912.1 Homo sapiens chromosome 3 genomic patch of type FIX, GRCh37.p13 PATCHES HG991_PATCH
Processing... NW_003315913.1 Homo sapiens chromosome 3 genomic patch of type NOVEL, GRCh37.p13 PATCHES HSCHR3_1_CTG2_1
Processing... NW_004775427.1 Homo sapiens chromosome 4 genomic patch of type FIX, GRCh37.p13 PATCHES HG174_HG254_PATCH
Processing... NW_003315915.1 Homo sapiens chromosome 4 genomic patch of type NOVEL, GRCh37.p13 PATCHES HSCHR4_1_CTG6
Processing... NW_003315916.1 Homo sapiens chromosome 4 genomic patch of type NOVEL, GRCh37.p13 PATCHES HSCHR4_2_CTG9
Processing... NW_003571035.1 Homo sapiens chromosome 4 genomic patch of type FIX, GRCh37.p13 PATCHES HG706_PATCH
Processing... NW_003315914.1 Homo sapiens chromosome 4 genomic patch of type NOVEL, GRCh37.p13 PATCHES HSCHR4_1_CTG12
Processing... NW_003571034.1 Homo sapiens chromosome 4 genomic patch of type FIX, GRCh37.p13 PATCHES HG1032_PATCH
Processing... NW_003315920.1 Homo sapiens chromosome 5 genomic patch of type NOVEL, GRCh37.p13 PATCHES HSCHR5_2_CTG1
Processing... NW_003571036.1 Homo sapiens chromosome 5 genomic patch of type NOVEL, GRCh37.p13 PATCHES HSCHR5_3_CTG1
Processing... NW_003315917.2 Homo sapiens chromosome 5 genomic patch of type NOVEL, GRCh37.p13 PATCHES HSCHR5_1_CTG1
Processing... NW_003315918.1 Homo sapiens chromosome 5 genomic patch of type NOVEL, GRCh37.p13 PATCHES HSCHR5_1_CTG2
Processing... NW_003871061.1 Homo sapiens chromosome 5 genomic patch of type FIX, GRCh37.p13 PATCHES HG1063_PATCH
Processing... NW_004775428.1 Homo sapiens chromosome 5 genomic patch of type FIX, GRCh37.p13 PATCHES HG1082_HG167_PATCH
Processing... NW_003315919.1 Homo sapiens chromosome 5 genomic patch of type NOVEL, GRCh37.p13 PATCHES HSCHR5_1_CTG5
Processing... NW_004070866.1 Homo sapiens chromosome 6 genomic patch of type FIX, GRCh37.p13 PATCHES HG27_PATCH
Processing... NW_003871063.1 Homo sapiens chromosome 6 genomic patch of type FIX, GRCh37.p13 PATCHES HG1322_PATCH
Processing... NW_003315921.1 Homo sapiens chromosome 6 genomic patch of type NOVEL, GRCh37.p13 PATCHES HSCHR6_1_CTG5
Processing... NW_004504300.1 Homo sapiens chromosome 6 genomic patch of type FIX, GRCh37.p13 PATCHES HG357_PATCH
Processing... NW_003871062.1 Homo sapiens chromosome 6 genomic patch of type FIX, GRCh37.p13 PATCHES HG1304_PATCH
Processing... NW_004775429.1 Homo sapiens chromosome 6 genomic patch of type FIX, GRCh37.p13 PATCHES HG193_PATCH
Processing... NW_004166862.1 Homo sapiens chromosome 6 genomic patch of type NOVEL, GRCh37.p13 PATCHES HSCHR6_2_CTG5
Processing... NW_003571039.1 Homo sapiens chromosome 7 genomic patch of type FIX, GRCh37.p13 PATCHES HG736_PATCH
Processing... NW_003571038.1 Homo sapiens chromosome 7 genomic patch of type FIX, GRCh37.p13 PATCHES HG14_PATCH
Processing... NW_004775430.1 Homo sapiens chromosome 7 genomic patch of type FIX, GRCh37.p13 PATCHES HG444_PATCH
Processing... NW_003871064.1 Homo sapiens chromosome 7 genomic patch of type FIX, GRCh37.p13 PATCHES HG1257_PATCH
Processing... NW_003571041.1 Homo sapiens chromosome 7 genomic patch of type FIX, GRCh37.p13 PATCHES HG946_PATCH
Processing... NW_003571037.1 Homo sapiens chromosome 7 genomic patch of type FIX, GRCh37.p13 PATCHES HG115_PATCH
Processing... NW_003871065.1 Homo sapiens chromosome 7 genomic patch of type FIX, GRCh37.p13 PATCHES HG1308_PATCH
Processing... NW_003315922.2 Homo sapiens chromosome 7 genomic patch of type NOVEL, GRCh37.p13 PATCHES HSCHR7_1_CTG6
Processing... NW_003571040.1 Homo sapiens chromosome 7 genomic patch of type FIX, GRCh37.p13 PATCHES HG7_PATCH
Processing... NW_003571042.1 Homo sapiens chromosome 8 genomic patch of type FIX, GRCh37.p13 PATCHES HG19_PATCH
Processing... NW_004775431.1 Homo sapiens chromosome 8 genomic patch of type FIX, GRCh37.p13 PATCHES HG1699_PATCH
Processing... NW_003871066.2 Homo sapiens chromosome 8 genomic patch of type FIX, GRCh37.p13 PATCHES HG418_PATCH
Processing... NW_003315923.1 Homo sapiens chromosome 8 genomic patch of type FIX, GRCh37.p13 PATCHES HG104_HG975_PATCH
Processing... NW_003315924.1 Homo sapiens chromosome 8 genomic patch of type FIX, GRCh37.p13 PATCHES HG243_PATCH
Processing... NW_003315928.1 Homo sapiens chromosome 9 genomic patch of type NOVEL, GRCh37.p13 PATCHES HSCHR9_1_CTG1
Processing... NW_003871067.1 Homo sapiens chromosome 9 genomic patch of type FIX, GRCh37.p13 PATCHES HG962_PATCH
Processing... NW_003315929.1 Homo sapiens chromosome 9 genomic patch of type NOVEL, GRCh37.p13 PATCHES HSCHR9_1_CTG35
Processing... NW_003315930.1 Homo sapiens chromosome 9 genomic patch of type NOVEL, GRCh37.p13 PATCHES HSCHR9_2_CTG35
Processing... NW_003315931.1 Homo sapiens chromosome 9 genomic patch of type NOVEL, GRCh37.p13 PATCHES HSCHR9_3_CTG35
Processing... NW_004504301.1 Homo sapiens chromosome 9 genomic patch of type FIX, GRCh37.p13 PATCHES HG50_PATCH
Processing... NW_004070869.1 Homo sapiens chromosome 9 genomic patch of type FIX, GRCh37.p13 PATCHES HG1502_PATCH
Processing... NW_003315925.1 Homo sapiens chromosome 9 genomic patch of type FIX, GRCh37.p13 PATCHES HG79_PATCH
Processing... NW_004070867.1 Homo sapiens chromosome 9 genomic patch of type FIX, GRCh37.p13 PATCHES HG1500_PATCH
Processing... NW_004070868.1 Homo sapiens chromosome 9 genomic patch of type FIX, GRCh37.p13 PATCHES HG1501_PATCH
Processing... NW_003315926.1 Homo sapiens chromosome 9 genomic patch of type FIX, GRCh37.p13 PATCHES HG998_1_PATCH
Processing... NW_003315927.1 Homo sapiens chromosome 9 genomic patch of type FIX, GRCh37.p13 PATCHES HG998_2_PATCH
Processing... NW_003571043.1 Homo sapiens chromosome 10 genomic patch of type FIX, GRCh37.p13 PATCHES HG905_PATCH
Processing... NW_003871071.1 Homo sapiens chromosome 10 genomic patch of type FIX, GRCh37.p13 PATCHES HG871_PATCH
Processing... NW_003315932.1 Homo sapiens chromosome 10 genomic patch of type FIX, GRCh37.p13 PATCHES HG544_PATCH
Processing... NW_003315934.1 Homo sapiens chromosome 10 genomic patch of type NOVEL, GRCh37.p13 PATCHES HSCHR10_1_CTG2
Processing... NW_003315935.1 Homo sapiens chromosome 10 genomic patch of type NOVEL, GRCh37.p13 PATCHES HSCHR10_1_CTG5
Processing... NW_003871068.1 Homo sapiens chromosome 10 genomic patch of type FIX, GRCh37.p13 PATCHES HG1211_PATCH
Processing... NW_004504302.1 Homo sapiens chromosome 10 genomic patch of type FIX, GRCh37.p13 PATCHES HG1074_PATCH
Processing... NW_003871070.1 Homo sapiens chromosome 10 genomic patch of type FIX, GRCh37.p13 PATCHES HG339_PATCH
Processing... NW_004775432.1 Homo sapiens chromosome 10 genomic patch of type FIX, GRCh37.p13 PATCHES HG979_PATCH
Processing... NW_003871069.1 Homo sapiens chromosome 10 genomic patch of type FIX, GRCh37.p13 PATCHES HG311_PATCH
Processing... NW_003315933.1 Homo sapiens chromosome 10 genomic patch of type FIX, GRCh37.p13 PATCHES HG995_PATCH
Processing... NW_004070870.1 Homo sapiens chromosome 10 genomic patch of type FIX, GRCh37.p13 PATCHES HG1479_PATCH
Processing... NW_003871075.1 Homo sapiens chromosome 11 genomic patch of type FIX, GRCh37.p13 PATCHES HG256_PATCH
Processing... NW_003871082.1 Homo sapiens chromosome 11 genomic patch of type FIX, GRCh37.p13 PATCHES HG873_PATCH
Processing... NW_003315936.1 Homo sapiens chromosome 11 genomic patch of type NOVEL, GRCh37.p13 PATCHES HSCHR11_1_CTG1_1
Processing... NW_003571045.1 Homo sapiens chromosome 11 genomic patch of type FIX, GRCh37.p13 PATCHES HG281_PATCH
Processing... NW_003871073.1 Homo sapiens chromosome 11 genomic patch of type NOVEL, GRCh37.p13 PATCHES HG142_HG150_NOVEL_TEST
Processing... NW_003871074.1 Homo sapiens chromosome 11 genomic patch of type NOVEL, GRCh37.p13 PATCHES HG151_NOVEL_TEST
Processing... NW_003571046.1 Homo sapiens chromosome 11 genomic patch of type FIX, GRCh37.p13 PATCHES HG536_PATCH
Processing... NW_004070871.1 Homo sapiens chromosome 11 genomic patch of type FIX, GRCh37.p13 PATCHES HG865_PATCH
Processing... NW_003871081.1 Homo sapiens chromosome 11 genomic patch of type FIX, GRCh37.p13 PATCHES HG414_PATCH
Processing... NW_003871079.1 Homo sapiens chromosome 11 genomic patch of type FIX, GRCh37.p13 PATCHES HG348_PATCH
Processing... NW_003871077.1 Homo sapiens chromosome 11 genomic patch of type FIX, GRCh37.p13 PATCHES HG305_PATCH
Processing... NW_003871080.1 Homo sapiens chromosome 11 genomic patch of type FIX, GRCh37.p13 PATCHES HG388_HG400_PATCH
Processing... NW_003871078.1 Homo sapiens chromosome 11 genomic patch of type FIX, GRCh37.p13 PATCHES HG306_PATCH
Processing... NW_003871072.2 Homo sapiens chromosome 11 genomic patch of type FIX, GRCh37.p13 PATCHES HG122_PATCH
Processing... NW_003871076.1 Homo sapiens chromosome 11 genomic patch of type FIX, GRCh37.p13 PATCHES HG299_PATCH
Processing... NW_003571048.1 Homo sapiens chromosome 12 genomic patch of type FIX, GRCh37.p13 PATCHES HG858_PATCH
Processing... NW_003571049.1 Homo sapiens chromosome 12 genomic patch of type NOVEL, GRCh37.p13 PATCHES HSCHR12_1_CTG1
Processing... NW_003871083.2 Homo sapiens chromosome 12 genomic patch of type FIX, GRCh37.p13 PATCHES HG344_PATCH
Processing... NW_003571047.1 Homo sapiens chromosome 12 genomic patch of type NOVEL, GRCh37.p13 PATCHES HG1133_PATCH
Processing... NW_003571050.1 Homo sapiens chromosome 12 genomic patch of type NOVEL, GRCh37.p13 PATCHES HSCHR12_2_CTG2
Processing... NW_003315938.1 Homo sapiens chromosome 12 genomic patch of type NOVEL, GRCh37.p13 PATCHES HSCHR12_1_CTG2
Processing... NW_003315939.1 Homo sapiens chromosome 12 genomic patch of type NOVEL, GRCh37.p13 PATCHES HSCHR12_1_CTG2_1
Processing... NW_003315941.1 Homo sapiens chromosome 12 genomic patch of type NOVEL, GRCh37.p13 PATCHES HSCHR12_2_CTG2_1
Processing... NW_003315942.2 Homo sapiens chromosome 12 genomic patch of type NOVEL, GRCh37.p13 PATCHES HSCHR12_3_CTG2_1
Processing... NW_004504303.2 Homo sapiens chromosome 12 genomic patch of type FIX, GRCh37.p13 PATCHES HG1595_PATCH
Processing... NW_003315940.1 Homo sapiens chromosome 12 genomic patch of type NOVEL, GRCh37.p13 PATCHES HSCHR12_1_CTG5
Processing... NW_003315937.1 Homo sapiens chromosome 12 genomic patch of type FIX, GRCh37.p13 PATCHES HG996_PATCH
Processing... NW_003571051.1 Homo sapiens chromosome 13 genomic patch of type FIX, GRCh37.p13 PATCHES HG531_PATCH
Processing... NW_004166863.1 Homo sapiens chromosome 14 genomic patch of type FIX, GRCh37.p13 PATCHES HG1592_PATCH
Processing... NW_003315943.1 Homo sapiens chromosome 15 genomic patch of type NOVEL, GRCh37.p13 PATCHES HSCHR15_1_CTG4
Processing... NW_003315944.1 Homo sapiens chromosome 15 genomic patch of type NOVEL, GRCh37.p13 PATCHES HSCHR15_1_CTG8
Processing... NW_003871084.1 Homo sapiens chromosome 15 genomic patch of type FIX, GRCh37.p13 PATCHES HG971_PATCH
Processing... NW_003315945.1 Homo sapiens chromosome 16 genomic patch of type NOVEL, GRCh37.p13 PATCHES HSCHR16_1_CTG3_1
Processing... NW_003871085.1 Homo sapiens chromosome 16 genomic patch of type FIX, GRCh37.p13 PATCHES HG1208_PATCH
Processing... NW_003315946.1 Homo sapiens chromosome 16 genomic patch of type NOVEL, GRCh37.p13 PATCHES HSCHR16_2_CTG3_1
Processing... NW_004070872.2 Homo sapiens chromosome 17 genomic patch of type FIX, GRCh37.p13 PATCHES HG417_PATCH
Processing... NW_003315952.2 Homo sapiens chromosome 17 genomic patch of type NOVEL, GRCh37.p13 PATCHES HSCHR17_1_CTG1
Processing... NW_003315951.1 Homo sapiens chromosome 17 genomic patch of type FIX, GRCh37.p13 PATCHES HG990_PATCH
Processing... NW_003315950.2 Homo sapiens chromosome 17 genomic patch of type FIX, GRCh37.p13 PATCHES HG987_PATCH
Processing... NW_004775433.1 Homo sapiens chromosome 17 genomic patch of type FIX, GRCh37.p13 PATCHES HG1591_PATCH
Processing... NW_003871090.1 Homo sapiens chromosome 17 genomic patch of type FIX, GRCh37.p13 PATCHES HG883_PATCH
Processing... NW_004166864.2 Homo sapiens chromosome 17 genomic patch of type FIX, GRCh37.p13 PATCHES HG385_PATCH
Processing... NW_003315949.1 Homo sapiens chromosome 17 genomic patch of type FIX, GRCh37.p13 PATCHES HG75_PATCH
Processing... NW_003315948.2 Homo sapiens chromosome 17 genomic patch of type FIX, GRCh37.p13 PATCHES HG745_PATCH
Processing... NW_003871091.1 Homo sapiens chromosome 17 genomic patch of type NOVEL, GRCh37.p13 PATCHES HSCHR17_4_CTG4
Processing... NW_003871093.1 Homo sapiens chromosome 17 genomic patch of type NOVEL, GRCh37.p13 PATCHES HSCHR17_6_CTG4
Processing... NW_003871092.1 Homo sapiens chromosome 17 genomic patch of type NOVEL, GRCh37.p13 PATCHES HSCHR17_5_CTG4
Processing... NW_003315953.1 Homo sapiens chromosome 17 genomic patch of type NOVEL, GRCh37.p13 PATCHES HSCHR17_1_CTG4
Processing... NW_003571052.1 Homo sapiens chromosome 17 genomic patch of type FIX, GRCh37.p13 PATCHES HG185_PATCH
Processing... NW_003871086.1 Homo sapiens chromosome 17 genomic patch of type FIX, GRCh37.p13 PATCHES HG1146_PATCH
Processing... NW_003315947.1 Homo sapiens chromosome 17 genomic patch of type FIX, GRCh37.p13 PATCHES HG183_PATCH
Processing... NW_003871088.1 Homo sapiens chromosome 17 genomic patch of type FIX, GRCh37.p13 PATCHES HG747_PATCH
Processing... NW_003315954.1 Homo sapiens chromosome 17 genomic patch of type NOVEL, GRCh37.p13 PATCHES HSCHR17_2_CTG4
Processing... NW_003315955.1 Homo sapiens chromosome 17 genomic patch of type NOVEL, GRCh37.p13 PATCHES HSCHR17_3_CTG4
Processing... NW_003871089.1 Homo sapiens chromosome 17 genomic patch of type FIX, GRCh37.p13 PATCHES HG748_PATCH
Processing... NW_003871087.1 Homo sapiens chromosome 17 genomic patch of type FIX, GRCh37.p13 PATCHES HG271_PATCH
Processing... NW_003315956.1 Homo sapiens chromosome 18 genomic patch of type NOVEL, GRCh37.p13 PATCHES HSCHR18_1_CTG1_1
Processing... NW_003315959.1 Homo sapiens chromosome 18 genomic patch of type NOVEL, GRCh37.p13 PATCHES HSCHR18_2_CTG1_1
Processing... NW_003315960.1 Homo sapiens chromosome 18 genomic patch of type NOVEL, GRCh37.p13 PATCHES HSCHR18_2_CTG2
Processing... NW_003315957.1 Homo sapiens chromosome 18 genomic patch of type NOVEL, GRCh37.p13 PATCHES HSCHR18_1_CTG2
Processing... NW_003315958.1 Homo sapiens chromosome 18 genomic patch of type NOVEL, GRCh37.p13 PATCHES HSCHR18_1_CTG2_1
Processing... NW_003315961.1 Homo sapiens chromosome 18 genomic patch of type NOVEL, GRCh37.p13 PATCHES HSCHR18_2_CTG2_1
Processing... NW_003871094.1 Homo sapiens chromosome 19 genomic patch of type FIX, GRCh37.p13 PATCHES HG729_PATCH
Processing... NW_003571053.2 Homo sapiens chromosome 19 genomic patch of type FIX, GRCh37.p13 PATCHES HG730_PATCH
Processing... NW_003315962.1 Homo sapiens chromosome 19 genomic patch of type NOVEL, GRCh37.p13 PATCHES HSCHR19_1_CTG3
Processing... NW_003315964.2 Homo sapiens chromosome 19 genomic patch of type NOVEL, GRCh37.p13 PATCHES HSCHR19_2_CTG3
Processing... NW_003315965.1 Homo sapiens chromosome 19 genomic patch of type NOVEL, GRCh37.p13 PATCHES HSCHR19_3_CTG3
Processing... NW_003315963.1 Homo sapiens chromosome 19 genomic patch of type NOVEL, GRCh37.p13 PATCHES HSCHR19_1_CTG3_1
Processing... NW_004775434.1 Homo sapiens chromosome 19 genomic patch of type FIX, GRCh37.p13 PATCHES HG1350_HG959_PATCH
Processing... NW_004166865.1 Homo sapiens chromosome 19 genomic patch of type FIX, GRCh37.p13 PATCHES HG1079_PATCH
Processing... NW_003571054.1 Homo sapiens chromosome 19 genomic patch of type NOVEL, GRCh37.p13 PATCHES HSCHR19LRC_COX1_CTG1
Processing... NW_003571055.1 Homo sapiens chromosome 19 genomic patch of type NOVEL, GRCh37.p13 PATCHES HSCHR19LRC_COX2_CTG1
Processing... NW_003571056.1 Homo sapiens chromosome 19 genomic patch of type NOVEL, GRCh37.p13 PATCHES HSCHR19LRC_LRC_I_CTG1
Processing... NW_003571057.1 Homo sapiens chromosome 19 genomic patch of type NOVEL, GRCh37.p13 PATCHES HSCHR19LRC_LRC_J_CTG1
Processing... NW_003571058.1 Homo sapiens chromosome 19 genomic patch of type NOVEL, GRCh37.p13 PATCHES HSCHR19LRC_LRC_S_CTG1
Processing... NW_003571059.1 Homo sapiens chromosome 19 genomic patch of type NOVEL, GRCh37.p13 PATCHES HSCHR19LRC_LRC_T_CTG1
Processing... NW_003571060.1 Homo sapiens chromosome 19 genomic patch of type NOVEL, GRCh37.p13 PATCHES HSCHR19LRC_PGF1_CTG1
Processing... NW_003571061.1 Homo sapiens chromosome 19 genomic patch of type NOVEL, GRCh37.p13 PATCHES HSCHR19LRC_PGF2_CTG1
Processing... NW_003315966.1 Homo sapiens chromosome 20 genomic patch of type NOVEL, GRCh37.p13 PATCHES HSCHR20_1_CTG1
Processing... NW_003871095.1 Homo sapiens chromosome 20 genomic patch of type FIX, GRCh37.p13 PATCHES HG144_PATCH
Processing... NW_004504304.1 Homo sapiens chromosome 20 genomic patch of type FIX, GRCh37.p13 PATCHES HG944_PATCH
Processing... NW_003571063.2 Homo sapiens chromosome 20 genomic patch of type FIX, GRCh37.p13 PATCHES HG506_HG507_HG1000_PATCH
Processing... NW_003315967.1 Homo sapiens chromosome 21 genomic patch of type NOVEL, GRCh37.p13 PATCHES HSCHR21_1_CTG1_1
Processing... NW_003315968.1 Homo sapiens chromosome 21 genomic patch of type NOVEL, GRCh37.p13 PATCHES HSCHR21_2_CTG1_1
Processing... NW_003315969.1 Homo sapiens chromosome 21 genomic patch of type NOVEL, GRCh37.p13 PATCHES HSCHR21_3_CTG1_1
Processing... NW_003315970.1 Homo sapiens chromosome 21 genomic patch of type NOVEL, GRCh37.p13 PATCHES HSCHR21_4_CTG1_1
Processing... NW_004775435.1 Homo sapiens chromosome 21 genomic patch of type FIX, GRCh37.p13 PATCHES HG237_PATCH
Processing... NW_004070874.1 Homo sapiens chromosome 22 genomic patch of type FIX, GRCh37.p13 PATCHES HG1487_PATCH
Processing... NW_004070873.1 Homo sapiens chromosome 22 genomic patch of type FIX, GRCh37.p13 PATCHES HG1486_PATCH
Processing... NW_004070875.1 Homo sapiens chromosome 22 genomic patch of type FIX, GRCh37.p13 PATCHES HG1488_PATCH
Processing... NW_003871096.1 Homo sapiens chromosome 22 genomic patch of type FIX, GRCh37.p13 PATCHES HG329_PATCH
Processing... NW_003315972.1 Homo sapiens chromosome 22 genomic patch of type NOVEL, GRCh37.p13 PATCHES HSCHR22_1_CTG2
Processing... NW_003315971.2 Homo sapiens chromosome 22 genomic patch of type NOVEL, GRCh37.p13 PATCHES HSCHR22_1_CTG1
Processing... NW_004504305.1 Homo sapiens chromosome 22 genomic patch of type NOVEL, GRCh37.p13 PATCHES HSCHR22_2_CTG1
Processing... NW_004070876.1 Homo sapiens chromosome 22 genomic patch of type FIX, GRCh37.p13 PATCHES HG497_PATCH
Processing... NW_003571064.2 Homo sapiens chromosome X genomic patch of type FIX, GRCh37.p13 PATCHES HG480_HG481_PATCH
Processing... NW_003871098.1 Homo sapiens chromosome X genomic patch of type FIX, GRCh37.p13 PATCHES HG1423_PATCH
Processing... NW_003871099.1 Homo sapiens chromosome X genomic patch of type FIX, GRCh37.p13 PATCHES HG1424_PATCH
Processing... NW_004070879.1 Homo sapiens chromosome X genomic patch of type FIX, GRCh37.p13 PATCHES HG1435_PATCH
Processing... NW_004166866.1 Homo sapiens chromosome X genomic patch of type FIX, GRCh37.p13 PATCHES HG29_PATCH
Processing... NW_004070880.2 Homo sapiens chromosome X genomic patch of type FIX, GRCh37.p13 PATCHES HG1436_HG1432_PATCH
Processing... NW_004070877.1 Homo sapiens chromosome X genomic patch of type FIX, GRCh37.p13 PATCHES HG1433_PATCH
Processing... NW_004070881.1 Homo sapiens chromosome X genomic patch of type FIX, GRCh37.p13 PATCHES HG1437_PATCH
Processing... NW_004070882.1 Homo sapiens chromosome X genomic patch of type FIX, GRCh37.p13 PATCHES HG1438_PATCH
Processing... NW_003871100.1 Homo sapiens chromosome X genomic patch of type FIX, GRCh37.p13 PATCHES HG1425_PATCH
Processing... NW_003871101.3 Homo sapiens chromosome X genomic patch of type FIX, GRCh37.p13 PATCHES HG1426_PATCH
Processing... NW_004070883.1 Homo sapiens chromosome X genomic patch of type FIX, GRCh37.p13 PATCHES HG1439_PATCH
Processing... NW_004070884.1 Homo sapiens chromosome X genomic patch of type FIX, GRCh37.p13 PATCHES HG1440_PATCH
Processing... NW_004070885.1 Homo sapiens chromosome X genomic patch of type FIX, GRCh37.p13 PATCHES HG1441_PATCH
Processing... NW_003871102.1 Homo sapiens chromosome X genomic patch of type FIX, GRCh37.p13 PATCHES HG375_PATCH
Processing... NW_004070878.1 Homo sapiens chromosome X genomic patch of type FIX, GRCh37.p13 PATCHES HG1434_PATCH
Processing... NW_004070891.1 Homo sapiens chromosome X genomic patch of type FIX, GRCh37.p13 PATCHES HG1462_PATCH
Processing... NW_004070892.1 Homo sapiens chromosome X genomic patch of type FIX, GRCh37.p13 PATCHES HG1463_PATCH
Processing... NW_004070893.1 Homo sapiens chromosome X genomic patch of type FIX, GRCh37.p13 PATCHES HG1490_PATCH
Processing... NW_004070886.1 Homo sapiens chromosome X genomic patch of type FIX, GRCh37.p13 PATCHES HG1442_PATCH
Processing... NW_004070887.1 Homo sapiens chromosome X genomic patch of type FIX, GRCh37.p13 PATCHES HG1443_HG1444_PATCH
Processing... NW_004070888.1 Homo sapiens chromosome X genomic patch of type FIX, GRCh37.p13 PATCHES HG1453_PATCH
Processing... NW_004070889.1 Homo sapiens chromosome X genomic patch of type FIX, GRCh37.p13 PATCHES HG1458_PATCH
Processing... NW_004070890.2 Homo sapiens chromosome X genomic patch of type FIX, GRCh37.p13 PATCHES HG1459_PATCH
Processing... NW_003871103.3 Homo sapiens chromosome X genomic patch of type FIX, GRCh37.p13 PATCHES HG1497_PATCH
Processing... NT_167244.1 Homo sapiens chromosome 6 genomic contig, GRCh37.p13 alternate locus group ALT_REF_LOCI_1
Processing... NT_113891.2 Homo sapiens chromosome 6 genomic contig, GRCh37.p13 alternate locus group ALT_REF_LOCI_2
Processing... NT_167245.1 Homo sapiens chromosome 6 genomic contig, GRCh37.p13 alternate locus group ALT_REF_LOCI_3
Processing... NT_167246.1 Homo sapiens chromosome 6 genomic contig, GRCh37.p13 alternate locus group ALT_REF_LOCI_4
Processing... NT_167247.1 Homo sapiens chromosome 6 genomic contig, GRCh37.p13 alternate locus group ALT_REF_LOCI_5
Processing... NT_167248.1 Homo sapiens chromosome 6 genomic contig, GRCh37.p13 alternate locus group ALT_REF_LOCI_6
Processing... NT_167249.1 Homo sapiens chromosome 6 genomic contig, GRCh37.p13 alternate locus group ALT_REF_LOCI_7
Processing... NT_167250.1 Homo sapiens chromosome 4 genomic contig, GRCh37.p13 alternate locus group ALT_REF_LOCI_8
Processing... NT_167251.1 Homo sapiens chromosome 17 genomic contig, GRCh37.p13 alternate locus group ALT_REF_LOCI_9
Processing... NC_012920.1 Homo sapiens mitochondrion, complete genome
defaultdict(<class 'int'>, {'taa': 23860484, 'aac': 14694146, 'acc': 11631305, 'ccc': 12396058, 'cct': 17694490, 'cta': 11321301, 'cca': 19123661, 'caa': 19921285, 'aaa': 60042103, 'tac': 10668258, 'ctc': 18520321, 'tcg': 2456629, 'cgC': 50076, 'gCG': 32093, 'CGG': 5153371, 'GGT': 22396794, 'GTA': 22157973, 'TAC': 22146757, 'ACC': 22362749, 'CCC': 26418919, 'CCT': 34524910, 'CTC': 31072780, 'TCA': 37992106, 'CAG': 39982701, 'AGC': 27570880, 'GCC': 22043154, 'CCG': 5146777, 'GGC': 22035699, 'CGC': 4159750, 'GGG': 26467041, 'GTC': 19594105, 'TCT': 41940160, 'CTG': 40016295, 'TGA': 38009277, 'GAC': 19560839, 'GAG': 31097099, 'AGG': 34504463, 'GGA': 30214154, 'AGA': 41895792, 'GAA': 37646398, 'AAC': 27685307, 'ACT': 32173783, 'TGT': 37690444, 'GTG': 27993511, 'TGC': 28211856, 'GCT': 27581893, 'TCC': 30181436, 'CTT': 39390888, 'TTC': 37682795, 'AGT': 32216082, 'CCA': 34976805, 'CAC': 27923352, 'CGA': 3997304, 'AAA': 52955787, 'AAT': 42582891, 'ATC': 25934595, 'GCA': 28186184, 'GAc': 175281, 'Aca': 334343, 'acg': 2220407, 'cgc': 2907496, 'gca': 13898378, 'cag': 19596461, 'agc': 13355124, 'gct': 13351451, 'tcc': 15154758, 'ccg': 3043422, 'gcc': 13082806, 'gcg': 2909222, 'cgg': 3042207, 'ggt': 11626999, 'gtG': 262982, 'tGC': 235599, 'TCt': 374674, 'Ctc': 249656, 'ggg': 12391237, 'gtc': 8014641, 'tct': 22803650, 'ctg': 19588464, 'tgt': 21200631, 'gtg': 16128256, 'tgc': 13899250, 'tga': 19144145, 'gag': 18510780, 'agg': 17674904, 'gga': 15189519, 'aga': 22791456, 'gaa': 20086391, 'gCA': 286466, 'CAA': 35276514, 'CGT': 5075138, 'GTT': 27789456, 'TTG': 35419535, 'AAG': 39328248, 'GCG': 4165712, 'CGc': 32094, 'Gcg': 49427, 'ggc': 13080424, 'gac': 8021957, 'aca': 21150916, 'caC': 275807, 'aCA': 416768, 'CAT': 35826280, 'ATG': 35824591, 'CTA': 26005304, 'TAG': 26044025, 'TCG': 4008355, 'TGG': 35048418, 'GCg': 41331, 'Cgt': 71599, 'tgg': 19172551, 'cac': 16110269, 'GTg': 236487, 'Tgg': 309853, 'gcA': 263662, 'cAA': 347338, 'TAc': 261604, 'Acg': 90898, 'gtt': 14746607, 'ttg': 19975360, 'cgT': 90506, 'gTG': 254904, 'ACG': 5065207, 'TAA': 36655746, 'GAT': 25971497, 'ACA': 37558475, 'TTA': 36702017, 'TAT': 34943206, 'ATA': 34922600, 'ATT': 42641599, 'TTT': 53104035, 'CTg': 300809, 'ttt': 60256323, 'tta': 23894798, 'aag': 18893303, 'agt': 14533291, 'gta': 10669493, 'aat': 30254051, 'ata': 25029731, 'tat': 25052692, 'atg': 17672181, 'att': 30247624, 'tGA': 356709, 'TTt': 386367, 'Tta': 310294, 'act': 14517916, 'ctt': 18915798, 'gat': 12932094, 'agT': 327408, 'gTC': 174959, 'TGg': 344397, 'Ggc': 193435, 'cat': 17639692, 'ttc': 20066041, 'gaT': 265108, 'aTG': 309959, 'GGc': 183343, 'Gct': 258317, 'Acc': 227828, 'tgC': 265646, 'CGa': 35570, 'Gat': 283902, 'tca': 19141683, 'acC': 242962, 'cCA': 343225, 'Act': 325927, 'atC': 284531, 'tCC': 248078, 'Gcc': 186764, 'agC': 257194, 'gCC': 182614, 'CTt': 278338, 'ggC': 187245, 'Tga': 332490, 'tgA': 334082, 'gAC': 160509, 'GGa': 247093, 'Gag': 264526, 'ATa': 364314, 'Tat': 313744, 'atc': 12928584, 'CCa': 282328, 'Cat': 339488, 'tag': 11332740, 'gAG': 236906, 'GCt': 225222, 'ctT': 326427, 'tTT': 376554, 'TGc': 286683, 'ttA': 307433, 'tAC': 219170, 'TGa': 379092, 'Gaa': 296959, 'gCT': 258988, 'CTc': 236772, 'Tct': 321594, 'ttT': 274761, 'AAa': 374632, 'Aat': 311598, 'gaG': 249553, 'aGA': 373952, 'CGg': 38196, 'Ggt': 244689, 'aCT': 354266, 'Tca': 333813, 'ggT': 227670, 'tcC': 257552, 'CAg': 307171, 'Agc': 246476, 'ccC': 221194, 'GGt': 221170, 'Gta': 271463, 'ctA': 301732, 'ATg': 357344, 'tGG': 283694, 'TCa': 356324, 'atG': 339571, 'tGT': 372078, 'Agg': 293068, 'gcT': 246464, 'cTG': 307977, 'GCc': 168937, 'Cca': 297561, 'CAa': 260404, 'Aac': 267876, 'gTA': 261199, 'GAg': 240400, 'Agt': 324866, 'gtC': 210421, 'tCT': 392941, 'Gca': 265807, 'cgG': 64475, 'gGT': 216044, 'ACt': 324350, 'Ctg': 321911, 'cCT': 318271, 'CAt': 308948, 'Atc': 264121, 'cCC': 215895, 'GAa': 253754, 'Aag': 325252, 'agA': 320514, 'ACc': 216198, 'acG': 71108, 'cGC': 41372, 'Ttc': 277450, 'caG': 320998, 'aGG': 270710, 'AGg': 319472, 'aGC': 224646, 'TTa': 356921, 'Tac': 262812, 'tgT': 335043, 'gTT': 289563, 'Ctt': 330889, 'aaC': 291362, 'aCC': 221058, 'agG': 283555, 'gGC': 167948, 'cGG': 51325, 'ggA': 248215, 'gAA': 326413, 'CCt': 269549, 'tAG': 244952, 'Tgc': 262962, 'gcC': 193217, 'cCG': 37534, 'TCc': 265133, 'Atg': 347818, 'TTc': 327225, 'cga': 2455409, 'cgt': 2224874, 'ggG': 206530, 'Ttg': 337116, 'atT': 312104, 'tTA': 291991, 'TAg': 274675, 'Aga': 321834, 'caT': 346025, 'aTA': 341814, 'AAg': 363996, 'GAt': 223289, 'Ata': 309904, 'TGt': 417557, 'Gtg': 276806, 'tcA': 332184, 'cAG': 300579, 'acA': 336673, 'cAT': 358041, 'Caa': 324718, 'caA': 335624, 'aAT': 332220, 'GTa': 219528, 'tCG': 35743, 'AAt': 371358, 'Ccc': 206635, 'gGG': 202299, 'taC': 270760, 'aCG': 50143, 'gaA': 276839, 'aAA': 385640, 'AGc': 258194, 'aTC': 222601, 'CTa': 244029, 'Tag': 301719, 'cgA': 72923, 'tAA': 356653, 'AGa': 392248, 'Taa': 306519, 'tcT': 324155, 'GCa': 235314, 'ttC': 296932, 'gGA': 264832, 'taA': 310038, 'taT': 311251, 'Tgt': 337731, 'atA': 312937, 'tAT': 364406, 'gaC': 204308, 'Tcc': 247675, 'ctG': 319521, 'Gtt': 291383, 'ctC': 264027, 'tCA': 379146, 'Cta': 291340, 'gAT': 251906, 'TAt': 342163, 'GTc': 160493, 'Gac': 208620, 'ccT': 293216, 'cTC': 239706, 'ACa': 371087, 'aaG': 331447, 'TTg': 348391, 'ccA': 309249, 'Att': 323915, 'AGt': 355001, 'ATc': 251637, 'Cct': 284241, 'cAC': 235808, 'cTA': 276640, 'TAa': 291356, 'Aaa': 275420, 'Ggg': 221865, 'ttG': 326008, 'aaA': 284614, 'aaT': 322862, 'ATt': 333768, 'Ttt': 285123, 'AAc': 288293, 'aAC': 211641, 'aGT': 324789, 'tTC': 253005, 'GGg': 216083, 'Gga': 258162, 'tTG': 260936, 'gtA': 263080, 'tgG': 296563, 'CAc': 253816, 'cTT': 364343, 'Cag': 318671, 'cGA': 56308, 'acT': 324835, 'taG': 292100, 'Cac': 262176, 'Cgg': 52133, 'gtT': 269198, 'ACg': 71543, 'Cgc': 42773, 'aTT': 370872, 'aAG': 277614, 'CCg': 51469, 'GTt': 211509, 'Gtc': 204219, 'CCc': 203084, 'gcG': 42736, 'Tcg': 73045, 'tcG': 54357, 'ccG': 52510, 'Ccg': 64915, 'TCg': 56124, 'Cga': 53963, 'CGt': 50142, 'cGT': 71703, 'gTg': 2, 'cTg': 2, 'cTa': 1, 'aCt': 1, 'tTt': 1, 'tAc': 1, 'aCg': 1, 'aGg': 1, 'tGt': 1, 'cAc': 1, 'cGc': 1, 'cAg': 1, 'cGg': 2})