|----------|--------------------|--------------------|-------------------|
| NucSubst | sars_cov_2_full    | sars_cov_2_plus    | sars_cov_2_minus  |
|----------|--------------------|--------------------|-------------------|
| AAA>ACA  |                0.0 |                0.0 |               0.0 |
|----------|--------------------|--------------------|-------------------|
| AAA>AGA  |                0.0 |                0.0 |               0.0 |
|----------|--------------------|--------------------|-------------------|
| AAA>AUA  |                0.0 |                0.0 |               0.0 |
|----------|--------------------|--------------------|-------------------|
| AAC>ACC  |                0.0 |                0.0 |               0.0 |
|----------|--------------------|--------------------|-------------------|
| AAC>AGC  |                0.0 |                0.0 |               0.0 |
|----------|--------------------|--------------------|-------------------|
| AAC>AUC  |                0.0 |                0.0 |               0.0 |
|----------|--------------------|--------------------|-------------------|
| AAG>ACG  |                0.0 |                0.0 |               0.0 |
|----------|--------------------|--------------------|-------------------|
| AAG>AGG  |                0.0 |                0.0 |               0.0 |
|----------|--------------------|--------------------|-------------------|
| AAG>AUG  |                0.0 |                0.0 |               0.0 |
|----------|--------------------|--------------------|-------------------|
| AAU>ACU  |                0.0 |                0.0 |               0.0 |
|----------|--------------------|--------------------|-------------------|
| AAU>AGU  |                0.0 |                0.0 |               0.0 |
|----------|--------------------|--------------------|-------------------|
| AAU>AUU  |                0.0 |                0.0 |               0.0 |
|----------|--------------------|--------------------|-------------------|
| ACA>AAA  |                0.0 |                0.0 |               0.0 |
|----------|--------------------|--------------------|-------------------|
| ACA>AGA  |                0.0 |                0.0 |               0.0 |
|----------|--------------------|--------------------|-------------------|
| ACA>AUA  |                0.0 |                0.0 |               0.0 |
|----------|--------------------|--------------------|-------------------|
| ACC>AAC  |                0.0 |                0.0 |               0.0 |
|----------|--------------------|--------------------|-------------------|
| ACC>AGC  |                0.0 |                0.0 |               0.0 |
|----------|--------------------|--------------------|-------------------|
| ACC>AUC  |                0.0 |                0.0 |               0.0 |
|----------|--------------------|--------------------|-------------------|
| ACG>AAG  |                0.0 |                0.0 |               0.0 |
|----------|--------------------|--------------------|-------------------|
| ACG>AGG  |                0.0 |                0.0 |               0.0 |
|----------|--------------------|--------------------|-------------------|
| ACG>AUG  |                0.0 |                0.0 |               0.0 |
|----------|--------------------|--------------------|-------------------|
| ACU>AAU  |                0.0 |                0.0 |               0.0 |
|----------|--------------------|--------------------|-------------------|
| ACU>AGU  |                0.0 |                0.0 |               0.0 |
|----------|--------------------|--------------------|-------------------|
| ACU>AUU  |                0.0 |                0.0 |               0.0 |
|----------|--------------------|--------------------|-------------------|
| AGA>AAA  |                0.0 |                0.0 |               0.0 |
|----------|--------------------|--------------------|-------------------|
| AGA>ACA  |                0.0 |                0.0 |               0.0 |
|----------|--------------------|--------------------|-------------------|
| AGA>AUA  |                0.0 |                0.0 |               0.0 |
|----------|--------------------|--------------------|-------------------|
| AGC>AAC  |                0.0 |                0.0 |               0.0 |
|----------|--------------------|--------------------|-------------------|
| AGC>ACC  |                0.0 |                0.0 |               0.0 |
|----------|--------------------|--------------------|-------------------|
| AGC>AUC  |                0.0 |                0.0 |               0.0 |
|----------|--------------------|--------------------|-------------------|
| AGG>AAG  |                0.0 |                0.0 |               0.0 |
|----------|--------------------|--------------------|-------------------|
| AGG>ACG  |                0.0 |                0.0 |               0.0 |
|----------|--------------------|--------------------|-------------------|
| AGG>AUG  |                0.0 |                0.0 |               0.0 |
|----------|--------------------|--------------------|-------------------|
| AGU>AAU  |                0.0 |                0.0 |               0.0 |
|----------|--------------------|--------------------|-------------------|
| AGU>ACU  |                0.0 |                0.0 |               0.0 |
|----------|--------------------|--------------------|-------------------|
| AGU>AUU  |                0.0 |                0.0 |               0.0 |
|----------|--------------------|--------------------|-------------------|
| AUA>AAA  |                0.0 |                0.0 |               0.0 |
|----------|--------------------|--------------------|-------------------|
| AUA>ACA  |                0.0 |                0.0 |               0.0 |
|----------|--------------------|--------------------|-------------------|
| AUA>AGA  |                0.0 |                0.0 |               0.0 |
|----------|--------------------|--------------------|-------------------|
| AUC>AAC  |                0.0 |                0.0 |               0.0 |
|----------|--------------------|--------------------|-------------------|
| AUC>ACC  |                0.0 |                0.0 |               0.0 |
|----------|--------------------|--------------------|-------------------|
| AUC>AGC  |                0.0 |                0.0 |               0.0 |
|----------|--------------------|--------------------|-------------------|
| AUG>AAG  |                0.0 |                0.0 |               0.0 |
|----------|--------------------|--------------------|-------------------|
| AUG>ACG  |                0.0 |                0.0 |               0.0 |
|----------|--------------------|--------------------|-------------------|
| AUG>AGG  |                0.0 |                0.0 |               0.0 |
|----------|--------------------|--------------------|-------------------|
| AUU>AAU  |                0.0 |                0.0 |               0.0 |
|----------|--------------------|--------------------|-------------------|
| AUU>ACU  |                0.0 |                0.0 |               0.0 |
|----------|--------------------|--------------------|-------------------|
| AUU>AGU  |                0.0 |                0.0 |               0.0 |
|----------|--------------------|--------------------|-------------------|
| CAA>CCA  |   3.55868544600939 |                0.0 |  3.55868544600939 |
|----------|--------------------|--------------------|-------------------|
| CAA>CGA  |   8.16431924882629 |                0.0 |  8.16431924882629 |
|----------|--------------------|--------------------|-------------------|
| CAA>CUA  |   8.70422535211268 |                0.0 |  8.70422535211268 |
|----------|--------------------|--------------------|-------------------|
| CAC>CCC  |   1.37864077669903 |                0.0 |  1.37864077669903 |
|----------|--------------------|--------------------|-------------------|
| CAC>CGC  |   12.8155339805825 |                0.0 |  12.8155339805825 |
|----------|--------------------|--------------------|-------------------|
| CAC>CUC  |   3.36893203883495 |                0.0 |  3.36893203883495 |
|----------|--------------------|--------------------|-------------------|
| CAG>CCG  |   2.55652173913043 |                0.0 |  2.55652173913043 |
|----------|--------------------|--------------------|-------------------|
| CAG>CGG  |   15.8869565217391 |                0.0 |  15.8869565217391 |
|----------|--------------------|--------------------|-------------------|
| CAG>CUG  |               12.6 |                0.0 |              12.6 |
|----------|--------------------|--------------------|-------------------|
| CAU>CCU  |   6.16867469879518 |                0.0 |  6.16867469879518 |
|----------|--------------------|--------------------|-------------------|
| CAU>CGU  |   23.7771084337349 |                0.0 |  23.7771084337349 |
|----------|--------------------|--------------------|-------------------|
| CAU>CUU  |    5.3855421686747 |                0.0 |   5.3855421686747 |
|----------|--------------------|--------------------|-------------------|
| CCA>CAA  |   6.53153153153153 |   6.53153153153153 |               0.0 |
|----------|--------------------|--------------------|-------------------|
| CCA>CGA  |   2.12612612612613 |   2.12612612612613 |               0.0 |
|----------|--------------------|--------------------|-------------------|
| CCA>CUA  |   131.405405405405 |   131.405405405405 |               0.0 |
|----------|--------------------|--------------------|-------------------|
| CCC>CAC  |   8.46428571428571 |   8.46428571428571 |               0.0 |
|----------|--------------------|--------------------|-------------------|
| CCC>CGC  |   5.96428571428571 |   5.96428571428571 |               0.0 |
|----------|--------------------|--------------------|-------------------|
| CCC>CUC  |   199.857142857143 |   199.857142857143 |               0.0 |
|----------|--------------------|--------------------|-------------------|
| CCG>CAG  |   18.9259259259259 |   18.9259259259259 |               0.0 |
|----------|--------------------|--------------------|-------------------|
| CCG>CGG  |   1.51851851851852 |   1.51851851851852 |               0.0 |
|----------|--------------------|--------------------|-------------------|
| CCG>CUG  |   284.259259259259 |   284.259259259259 |               0.0 |
|----------|--------------------|--------------------|-------------------|
| CCU>CAU  |   11.6623376623377 |   11.6623376623377 |               0.0 |
|----------|--------------------|--------------------|-------------------|
| CCU>CGU  |   4.77922077922078 |   4.77922077922078 |               0.0 |
|----------|--------------------|--------------------|-------------------|
| CCU>CUU  |   125.987012987013 |   125.987012987013 |               0.0 |
|----------|--------------------|--------------------|-------------------|
| CGA>CAA  |   111.333333333333 |                0.0 |  111.333333333333 |
|----------|--------------------|--------------------|-------------------|
| CGA>CCA  |   13.6666666666667 |                0.0 |  13.6666666666667 |
|----------|--------------------|--------------------|-------------------|
| CGA>CUA  |   125.933333333333 |                0.0 |  125.933333333333 |
|----------|--------------------|--------------------|-------------------|
| CGC>CAC  |              103.0 |                0.0 |             103.0 |
|----------|--------------------|--------------------|-------------------|
| CGC>CCC  |   5.85185185185185 |                0.0 |  5.85185185185185 |
|----------|--------------------|--------------------|-------------------|
| CGC>CUC  |              146.0 |                0.0 |             146.0 |
|----------|--------------------|--------------------|-------------------|
| CGG>CAG  |   201.944444444444 |                0.0 |  201.944444444444 |
|----------|--------------------|--------------------|-------------------|
| CGG>CCG  |   1.77777777777778 |                0.0 |  1.77777777777778 |
|----------|--------------------|--------------------|-------------------|
| CGG>CUG  |   146.111111111111 |                0.0 |  146.111111111111 |
|----------|--------------------|--------------------|-------------------|
| CGU>CAU  |              133.7 |                0.0 |             133.7 |
|----------|--------------------|--------------------|-------------------|
| CGU>CCU  |   11.2333333333333 |                0.0 |  11.2333333333333 |
|----------|--------------------|--------------------|-------------------|
| CGU>CUU  |              126.3 |                0.0 |             126.3 |
|----------|--------------------|--------------------|-------------------|
| CUA>CAA  |   4.85131195335277 |   4.85131195335277 |               0.0 |
|----------|--------------------|--------------------|-------------------|
| CUA>CCA  |   43.3556851311953 |   43.3556851311953 |               0.0 |
|----------|--------------------|--------------------|-------------------|
| CUA>CGA  |   4.61516034985423 |   4.61516034985423 |               0.0 |
|----------|--------------------|--------------------|-------------------|
| CUC>CAC  |   5.84210526315789 |   5.84210526315789 |               0.0 |
|----------|--------------------|--------------------|-------------------|
| CUC>CCC  |   52.2894736842105 |   52.2894736842105 |               0.0 |
|----------|--------------------|--------------------|-------------------|
| CUC>CGC  |   30.4912280701754 |   30.4912280701754 |               0.0 |
|----------|--------------------|--------------------|-------------------|
| CUG>CAG  |   7.66022099447514 |   7.66022099447514 |               0.0 |
|----------|--------------------|--------------------|-------------------|
| CUG>CCG  |   23.7154696132597 |   23.7154696132597 |               0.0 |
|----------|--------------------|--------------------|-------------------|
| CUG>CGG  |    6.0939226519337 |    6.0939226519337 |               0.0 |
|----------|--------------------|--------------------|-------------------|
| CUU>CAU  |   2.91729323308271 |   2.91729323308271 |               0.0 |
|----------|--------------------|--------------------|-------------------|
| CUU>CCU  |   37.5977443609023 |   37.5977443609023 |               0.0 |
|----------|--------------------|--------------------|-------------------|
| CUU>CGU  |   11.9436090225564 |   11.9436090225564 |               0.0 |
|----------|--------------------|--------------------|-------------------|
| GAA>GCA  |   11.4634146341463 |                0.0 |  11.4634146341463 |
|----------|--------------------|--------------------|-------------------|
| GAA>GGA  |   12.1951219512195 |                0.0 |  12.1951219512195 |
|----------|--------------------|--------------------|-------------------|
| GAA>GUA  |   4.80487804878049 |                0.0 |  4.80487804878049 |
|----------|--------------------|--------------------|-------------------|
| GAC>GCC  |   3.43243243243243 |                0.0 |  3.43243243243243 |
|----------|--------------------|--------------------|-------------------|
| GAC>GGC  |   22.8648648648649 |                0.0 |  22.8648648648649 |
|----------|--------------------|--------------------|-------------------|
| GAC>GUC  |  0.351351351351351 |                0.0 | 0.351351351351351 |
|----------|--------------------|--------------------|-------------------|
| GAG>GCG  |   4.81395348837209 |                0.0 |  4.81395348837209 |
|----------|--------------------|--------------------|-------------------|
| GAG>GGG  |   16.3720930232558 |                0.0 |  16.3720930232558 |
|----------|--------------------|--------------------|-------------------|
| GAG>GUG  |   7.06976744186047 |                0.0 |  7.06976744186047 |
|----------|--------------------|--------------------|-------------------|
| GAU>GCU  |                8.0 |                0.0 |               8.0 |
|----------|--------------------|--------------------|-------------------|
| GAU>GGU  |   31.9333333333333 |                0.0 |  31.9333333333333 |
|----------|--------------------|--------------------|-------------------|
| GAU>GUU  |  0.466666666666667 |                0.0 | 0.466666666666667 |
|----------|--------------------|--------------------|-------------------|
| GCA>GAA  |   6.98412698412698 |   6.98412698412698 |               0.0 |
|----------|--------------------|--------------------|-------------------|
| GCA>GGA  | 0.0634920634920635 | 0.0634920634920635 |               0.0 |
|----------|--------------------|--------------------|-------------------|
| GCA>GUA  |   74.7619047619048 |   74.7619047619048 |               0.0 |
|----------|--------------------|--------------------|-------------------|
| GCC>GAC  |   9.33333333333333 |   9.33333333333333 |               0.0 |
|----------|--------------------|--------------------|-------------------|
| GCC>GGC  |   1.53333333333333 |   1.53333333333333 |               0.0 |
|----------|--------------------|--------------------|-------------------|
| GCC>GUC  |   62.3333333333333 |   62.3333333333333 |               0.0 |
|----------|--------------------|--------------------|-------------------|
| GCG>GAG  |   8.52380952380952 |   8.52380952380952 |               0.0 |
|----------|--------------------|--------------------|-------------------|
| GCG>GGG  |  0.857142857142857 |  0.857142857142857 |               0.0 |
|----------|--------------------|--------------------|-------------------|
| GCG>GUG  |   159.333333333333 |   159.333333333333 |               0.0 |
|----------|--------------------|--------------------|-------------------|
| GCU>GAU  |   3.02631578947368 |   3.02631578947368 |               0.0 |
|----------|--------------------|--------------------|-------------------|
| GCU>GGU  |  0.236842105263158 |  0.236842105263158 |               0.0 |
|----------|--------------------|--------------------|-------------------|
| GCU>GUU  |   61.6315789473684 |   61.6315789473684 |               0.0 |
|----------|--------------------|--------------------|-------------------|
| GGA>GAA  |              254.5 |                0.0 |             254.5 |
|----------|--------------------|--------------------|-------------------|
| GGA>GCA  |                1.5 |                0.0 |               1.5 |
|----------|--------------------|--------------------|-------------------|
| GGA>GUA  |               25.0 |                0.0 |              25.0 |
|----------|--------------------|--------------------|-------------------|
| GGC>GAC  |            121.125 |                0.0 |           121.125 |
|----------|--------------------|--------------------|-------------------|
| GGC>GCC  |              3.375 |                0.0 |             3.375 |
|----------|--------------------|--------------------|-------------------|
| GGC>GUC  |             167.75 |                0.0 |            167.75 |
|----------|--------------------|--------------------|-------------------|
| GGG>GAG  |               69.5 |                0.0 |              69.5 |
|----------|--------------------|--------------------|-------------------|
| GGG>GCG  |                2.3 |                0.0 |               2.3 |
|----------|--------------------|--------------------|-------------------|
| GGG>GUG  |               56.9 |                0.0 |              56.9 |
|----------|--------------------|--------------------|-------------------|
| GGU>GAU  |             64.125 |                0.0 |            64.125 |
|----------|--------------------|--------------------|-------------------|
| GGU>GCU  |               1.75 |                0.0 |              1.75 |
|----------|--------------------|--------------------|-------------------|
| GGU>GUU  |             74.875 |                0.0 |            74.875 |
|----------|--------------------|--------------------|-------------------|
| GUA>GAA  |   1.46218487394958 |   1.46218487394958 |               0.0 |
|----------|--------------------|--------------------|-------------------|
| GUA>GCA  |   39.2521008403361 |   39.2521008403361 |               0.0 |
|----------|--------------------|--------------------|-------------------|
| GUA>GGA  |  0.336134453781513 |  0.336134453781513 |               0.0 |
|----------|--------------------|--------------------|-------------------|
| GUC>GAC  |                0.0 |                0.0 |               0.0 |
|----------|--------------------|--------------------|-------------------|
| GUC>GCC  |   35.9259259259259 |   35.9259259259259 |               0.0 |
|----------|--------------------|--------------------|-------------------|
| GUC>GGC  |   41.4444444444444 |   41.4444444444444 |               0.0 |
|----------|--------------------|--------------------|-------------------|
| GUG>GAG  |   1.53038674033149 |   1.53038674033149 |               0.0 |
|----------|--------------------|--------------------|-------------------|
| GUG>GCG  |   20.4972375690608 |   20.4972375690608 |               0.0 |
|----------|--------------------|--------------------|-------------------|
| GUG>GGG  |   2.53591160220994 |   2.53591160220994 |               0.0 |
|----------|--------------------|--------------------|-------------------|
| GUU>GAU  | 0.0631578947368421 | 0.0631578947368421 |               0.0 |
|----------|--------------------|--------------------|-------------------|
| GUU>GCU  |   25.8736842105263 |   25.8736842105263 |               0.0 |
|----------|--------------------|--------------------|-------------------|
| GUU>GGU  |   5.30526315789474 |   5.30526315789474 |               0.0 |
|----------|--------------------|--------------------|-------------------|
| UAA>UCA  |           3.734375 |                0.0 |          3.734375 |
|----------|--------------------|--------------------|-------------------|
| UAA>UGA  |          17.765625 |                0.0 |         17.765625 |
|----------|--------------------|--------------------|-------------------|
| UAA>UUA  |              6.875 |                0.0 |             6.875 |
|----------|--------------------|--------------------|-------------------|
| UAC>UCC  |   2.64788732394366 |                0.0 |  2.64788732394366 |
|----------|--------------------|--------------------|-------------------|
| UAC>UGC  |   15.6760563380282 |                0.0 |  15.6760563380282 |
|----------|--------------------|--------------------|-------------------|
| UAC>UUC  |   1.12676056338028 |                0.0 |  1.12676056338028 |
|----------|--------------------|--------------------|-------------------|
| UAG>UCG  |              1.625 |                0.0 |             1.625 |
|----------|--------------------|--------------------|-------------------|
| UAG>UGG  |   26.0267857142857 |                0.0 |  26.0267857142857 |
|----------|--------------------|--------------------|-------------------|
| UAG>UUG  |   8.73214285714286 |                0.0 |  8.73214285714286 |
|----------|--------------------|--------------------|-------------------|
| UAU>UCU  |            7.40625 |                0.0 |           7.40625 |
|----------|--------------------|--------------------|-------------------|
| UAU>UGU  |             51.375 |                0.0 |            51.375 |
|----------|--------------------|--------------------|-------------------|
| UAU>UUU  |              4.625 |                0.0 |             4.625 |
|----------|--------------------|--------------------|-------------------|
| UCA>UAA  |   2.67058823529412 |   2.67058823529412 |               0.0 |
|----------|--------------------|--------------------|-------------------|
| UCA>UGA  |                4.8 |                4.8 |               0.0 |
|----------|--------------------|--------------------|-------------------|
| UCA>UUA  |   114.905882352941 |   114.905882352941 |               0.0 |
|----------|--------------------|--------------------|-------------------|
| UCC>UAC  |                6.4 |                6.4 |               0.0 |
|----------|--------------------|--------------------|-------------------|
| UCC>UGC  |  0.533333333333333 |  0.533333333333333 |               0.0 |
|----------|--------------------|--------------------|-------------------|
| UCC>UUC  |   117.133333333333 |   117.133333333333 |               0.0 |
|----------|--------------------|--------------------|-------------------|
| UCG>UAG  |               7.84 |               7.84 |               0.0 |
|----------|--------------------|--------------------|-------------------|
| UCG>UGG  |               0.56 |               0.56 |               0.0 |
|----------|--------------------|--------------------|-------------------|
| UCG>UUG  |              248.6 |              248.6 |               0.0 |
|----------|--------------------|--------------------|-------------------|
| UCU>UAU  |   3.90322580645161 |   3.90322580645161 |               0.0 |
|----------|--------------------|--------------------|-------------------|
| UCU>UGU  |   3.17741935483871 |   3.17741935483871 |               0.0 |
|----------|--------------------|--------------------|-------------------|
| UCU>UUU  |   126.435483870968 |   126.435483870968 |               0.0 |
|----------|--------------------|--------------------|-------------------|
| UGA>UAA  |   27.1627906976744 |                0.0 |  27.1627906976744 |
|----------|--------------------|--------------------|-------------------|
| UGA>UCA  |   9.88372093023256 |                0.0 |  9.88372093023256 |
|----------|--------------------|--------------------|-------------------|
| UGA>UUA  |   89.5348837209302 |                0.0 |  89.5348837209302 |
|----------|--------------------|--------------------|-------------------|
| UGC>UAC  |   37.0909090909091 |                0.0 |  37.0909090909091 |
|----------|--------------------|--------------------|-------------------|
| UGC>UCC  |  0.515151515151515 |                0.0 | 0.515151515151515 |
|----------|--------------------|--------------------|-------------------|
| UGC>UUC  |   84.4545454545455 |                0.0 |  84.4545454545455 |
|----------|--------------------|--------------------|-------------------|
| UGG>UAG  |             74.075 |                0.0 |            74.075 |
|----------|--------------------|--------------------|-------------------|
| UGG>UCG  |              0.175 |                0.0 |             0.175 |
|----------|--------------------|--------------------|-------------------|
| UGG>UUG  |             77.825 |                0.0 |            77.825 |
|----------|--------------------|--------------------|-------------------|
| UGU>UAU  |               40.0 |                0.0 |              40.0 |
|----------|--------------------|--------------------|-------------------|
| UGU>UCU  |   3.86046511627907 |                0.0 |  3.86046511627907 |
|----------|--------------------|--------------------|-------------------|
| UGU>UUU  |   88.2093023255814 |                0.0 |  88.2093023255814 |
|----------|--------------------|--------------------|-------------------|
| UUA>UAA  |   2.13432835820896 |   2.13432835820896 |               0.0 |
|----------|--------------------|--------------------|-------------------|
| UUA>UCA  |     50.18407960199 |     50.18407960199 |               0.0 |
|----------|--------------------|--------------------|-------------------|
| UUA>UGA  |   14.8009950248756 |   14.8009950248756 |               0.0 |
|----------|--------------------|--------------------|-------------------|
| UUC>UAC  |  0.789473684210526 |  0.789473684210526 |               0.0 |
|----------|--------------------|--------------------|-------------------|
| UUC>UCC  |   43.8026315789474 |   43.8026315789474 |               0.0 |
|----------|--------------------|--------------------|-------------------|
| UUC>UGC  |   33.3815789473684 |   33.3815789473684 |               0.0 |
|----------|--------------------|--------------------|-------------------|
| UUG>UAG  |               4.64 |               4.64 |               0.0 |
|----------|--------------------|--------------------|-------------------|
| UUG>UCG  |              28.48 |              28.48 |               0.0 |
|----------|--------------------|--------------------|-------------------|
| UUG>UGG  |              11.08 |              11.08 |               0.0 |
|----------|--------------------|--------------------|-------------------|
| UUU>UAU  |   1.21192052980132 |   1.21192052980132 |               0.0 |
|----------|--------------------|--------------------|-------------------|
| UUU>UCU  |   50.3443708609271 |   50.3443708609271 |               0.0 |
|----------|--------------------|--------------------|-------------------|
| UUU>UGU  |   21.3576158940397 |   21.3576158940397 |               0.0 |
|----------|--------------------|--------------------|-------------------|
